{
  "stats": {
    "suites": 1,
    "tests": 1,
    "passes": 1,
    "pending": 0,
    "failures": 0,
    "start": "2021-08-04T15:31:00.718Z",
    "end": "2021-08-04T15:31:19.942Z",
    "duration": 19224,
    "testsRegistered": 1,
    "passPercent": 100,
    "pendingPercent": 0,
    "other": 0,
    "hasOther": false,
    "skipped": 0,
    "hasSkipped": false
  },
  "results": [
    {
      "uuid": "1ec2bef1-41cf-4da3-8ca2-bd95a117038d",
      "title": "",
      "fullFile": "cypress/integration/local_ads/content.spec.js",
      "file": "cypress/integration/local_ads/content.spec.js",
      "beforeHooks": [],
      "afterHooks": [],
      "tests": [],
      "suites": [
        {
          "uuid": "1b191230-ab92-4e2a-acd4-1812c7bcffa7",
          "title": "LocalAds - Content",
          "fullFile": "",
          "file": "",
          "beforeHooks": [],
          "afterHooks": [],
          "tests": [
            {
              "title": "LocalAds dashboard stats api schema should be correct and dashboard should have all the content",
              "fullTitle": "LocalAds - Content LocalAds dashboard stats api schema should be correct and dashboard should have all the content",
              "timedOut": null,
              "duration": 19186,
              "state": "passed",
              "speed": "slow",
              "pass": true,
              "fail": false,
              "pending": false,
              "context": null,
              "code": "// validate schema\nlocal_ads.getDashboardStats().then(response => {\n  ajv.validate(this.local_ads_schema, response.body);\n  expect(ajv.errors, \"dashboard_stats api schema does not match\").to.be.null;\n}); // update mock with new facebook ad preview url\nlocal_ads.getDashboardStats().then(response => {\n  cy.fixture(\"local_ads_mock.json\").then(mock => {\n    cy.intercept(\"GET\", \"**/clear_growth/dashboard_stats?period=last_30_days\", mock).as(\"dashboardStats\");\n  });\n}); // percy visual test\ncy.contains(\"LocalAds\").click();\ncy.contains(\"Google Adwords Performance\").should(\"be.visible\");\ncy.get(\".erp-page-content\").invoke(\"attr\", \"style\", \"position: relative\");\ncy.percySnapshot(\"LocalAds Google Dashboard\", {\n  widths: [1920]\n});\ncy.contains(\"Facebook Ads\").click();\ncy.contains(\"Facebook Ads Performance\").should(\"be.visible\");\ncy.percySnapshot(\"LocalAds Facebook Dashboard\", {\n  widths: [1920]\n});",
              "err": {},
              "uuid": "da8b41e4-b00a-4262-b761-9d624beb8da6",
              "parentUUID": "1b191230-ab92-4e2a-acd4-1812c7bcffa7",
              "isHook": false,
              "skipped": false
            }
          ],
          "suites": [],
          "passes": [
            "da8b41e4-b00a-4262-b761-9d624beb8da6"
          ],
          "failures": [],
          "pending": [],
          "skipped": [],
          "duration": 19186,
          "root": false,
          "rootEmpty": false,
          "_timeout": 2000
        }
      ],
      "passes": [],
      "failures": [],
      "pending": [],
      "skipped": [],
      "duration": 0,
      "root": true,
      "rootEmpty": true,
      "_timeout": 2000
    }
  ],
  "meta": {
    "mocha": {
      "version": "7.0.1"
    },
    "mochawesome": {
      "options": {
        "quiet": false,
        "reportFilename": "mochawesome",
        "saveHtml": false,
        "saveJson": true,
        "consoleReporter": "spec",
        "useInlineDiffs": false,
        "code": true
      },
      "version": "6.2.2"
    },
    "marge": {
      "options": {
        "reportDir": "cypress/results/reports",
        "overwrite": false,
        "html": false,
        "json": true
      },
      "version": "5.2.0"
    }
  }
}